\BOOKMARK [0][-]{chapter*.6}{Introduction}{}% 1
\BOOKMARK [0][-]{chapter.1}{Chapter 1: Theoretical Framework}{}% 2
\BOOKMARK [1][-]{section.1.1}{Stochastic Calculus}{chapter.1}% 3
\BOOKMARK [2][-]{subsection.1.1.1}{The Stochastic differential equation - SDE}{section.1.1}% 4
\BOOKMARK [2][-]{subsection.1.1.2}{Brownian Motion}{section.1.1}% 5
\BOOKMARK [2][-]{subsection.1.1.3}{It\364's Integral}{section.1.1}% 6
\BOOKMARK [1][-]{section.1.2}{Black-Scholes Model}{chapter.1}% 7
\BOOKMARK [2][-]{subsection.1.2.1}{Basics}{section.1.2}% 8
\BOOKMARK [2][-]{subsection.1.2.2}{The model}{section.1.2}% 9
\BOOKMARK [2][-]{subsection.1.2.3}{Limitations}{section.1.2}% 10
\BOOKMARK [1][-]{section.1.3}{Stochastic Volatility models}{chapter.1}% 11
\BOOKMARK [2][-]{subsection.1.3.1}{Cox-Ingersoll-Ross model}{section.1.3}% 12
\BOOKMARK [2][-]{subsection.1.3.2}{Heston Model}{section.1.3}% 13
\BOOKMARK [2][-]{subsection.1.3.3}{Other Models}{section.1.3}% 14
\BOOKMARK [1][-]{section.1.4}{Numerical Methods}{chapter.1}% 15
\BOOKMARK [2][-]{subsection.1.4.1}{Convergence}{section.1.4}% 16
\BOOKMARK [2][-]{subsection.1.4.2}{Discretization}{section.1.4}% 17
\BOOKMARK [2][-]{subsection.1.4.3}{Stability}{section.1.4}% 18
\BOOKMARK [0][-]{chapter.2}{Chapter 2: The Heston Model Implementation}{}% 19
\BOOKMARK [1][-]{section.2.1}{Characteristic Function}{chapter.2}% 20
\BOOKMARK [1][-]{section.2.2}{Euler Scheme}{chapter.2}% 21
\BOOKMARK [1][-]{section.2.3}{Kahl-Jackel}{chapter.2}% 22
\BOOKMARK [1][-]{section.2.4}{Exact Algorithm}{chapter.2}% 23
\BOOKMARK [2][-]{subsection.2.4.1}{Generate a sample of V\137t given V\1370}{section.2.4}% 24
\BOOKMARK [2][-]{subsection.2.4.2}{Generate a sample of \134int\1370\136t V\137sds given V\137t, V\1370}{section.2.4}% 25
\BOOKMARK [2][-]{subsection.2.4.3}{Compute \134int\1370\136t \134sqrt\173V\137s\175dB\137s given V\137t, V\1370 and \134int\1370\136t V\137sds}{section.2.4}% 26
\BOOKMARK [2][-]{subsection.2.4.4}{Limitations}{section.2.4}% 27
\BOOKMARK [0][-]{chapter.3}{Chapter 3: Results}{}% 28
\BOOKMARK [0][-]{chapter*.26}{Conclusion}{}% 29
\BOOKMARK [0][-]{appendix.A}{Appendix A: Black-Scholes formula}{}% 30
\BOOKMARK [0][-]{appendix.B}{Appendix B: Bessel Function}{}% 31
\BOOKMARK [0][-]{appendix.C}{Appendix C: Implementations}{}% 32
\BOOKMARK [1][-]{section.C.1}{Euler's}{appendix.C}% 33
\BOOKMARK [1][-]{section.C.2}{Kahl-Jackel Implementation}{appendix.C}% 34
\BOOKMARK [1][-]{section.C.3}{Exact Algorithm}{appendix.C}% 35
\BOOKMARK [0][-]{appendix*.28}{References}{}% 36
